mode: set
github.com/fmarquesfilho/garimpo/internal/store/novo_default.go:8.53,11.2 2 0
github.com/fmarquesfilho/garimpo/internal/store/store.go:85.37,86.51 1 1
github.com/fmarquesfilho/garimpo/internal/store/store.go:86.51,88.3 1 1
github.com/fmarquesfilho/garimpo/internal/store/store.go:89.2,89.38 1 1
github.com/fmarquesfilho/garimpo/internal/store/store.go:89.38,91.3 1 1
github.com/fmarquesfilho/garimpo/internal/store/store.go:92.2,92.39 1 1
github.com/fmarquesfilho/garimpo/internal/store/store.go:92.39,94.3 1 1
github.com/fmarquesfilho/garimpo/internal/store/store.go:96.2,96.38 1 1
github.com/fmarquesfilho/garimpo/internal/store/store.go:96.38,98.3 1 1
github.com/fmarquesfilho/garimpo/internal/store/store.go:99.2,99.24 1 1
github.com/fmarquesfilho/garimpo/internal/store/store.go:99.24,101.3 1 1
github.com/fmarquesfilho/garimpo/internal/store/store.go:102.2,104.10 3 1
github.com/fmarquesfilho/garimpo/internal/store/store.go:108.34,111.22 3 1
github.com/fmarquesfilho/garimpo/internal/store/store.go:111.22,112.10 1 1
github.com/fmarquesfilho/garimpo/internal/store/store.go:113.61,114.24 1 1
github.com/fmarquesfilho/garimpo/internal/store/store.go:115.29,116.26 1 1
github.com/fmarquesfilho/garimpo/internal/store/store.go:117.11,119.13 1 1
github.com/fmarquesfilho/garimpo/internal/store/store.go:120.38,121.27 1 1
github.com/fmarquesfilho/garimpo/internal/store/store.go:122.32,123.27 1 1
github.com/fmarquesfilho/garimpo/internal/store/store.go:124.32,125.27 1 0
github.com/fmarquesfilho/garimpo/internal/store/store.go:126.38,127.27 1 0
github.com/fmarquesfilho/garimpo/internal/store/store.go:128.32,129.27 1 0
github.com/fmarquesfilho/garimpo/internal/store/store.go:130.14,131.27 1 1
github.com/fmarquesfilho/garimpo/internal/store/store.go:132.14,133.27 1 0
github.com/fmarquesfilho/garimpo/internal/store/store.go:138.2,139.18 2 1
github.com/fmarquesfilho/garimpo/internal/store/store.go:139.18,141.3 1 1
github.com/fmarquesfilho/garimpo/internal/store/store.go:142.2,142.15 1 1
github.com/fmarquesfilho/garimpo/internal/store/store.go:304.68,304.82 1 0
github.com/fmarquesfilho/garimpo/internal/store/store.go:305.68,305.82 1 0
github.com/fmarquesfilho/garimpo/internal/store/store.go:306.81,309.2 1 0
github.com/fmarquesfilho/garimpo/internal/store/store.go:313.70,313.84 1 0
github.com/fmarquesfilho/garimpo/internal/store/store.go:314.70,314.89 1 0
github.com/fmarquesfilho/garimpo/internal/store/store.go:315.80,317.2 1 0
github.com/fmarquesfilho/garimpo/internal/store/store.go:318.77,320.2 1 0
github.com/fmarquesfilho/garimpo/internal/store/store.go:321.82,321.96 1 0
github.com/fmarquesfilho/garimpo/internal/store/store.go:322.82,322.101 1 0
github.com/fmarquesfilho/garimpo/internal/store/store.go:323.84,323.98 1 0
github.com/fmarquesfilho/garimpo/internal/store/store.go:324.96,326.2 1 0
github.com/fmarquesfilho/garimpo/internal/store/store.go:327.89,329.2 1 0
github.com/fmarquesfilho/garimpo/internal/store/store.go:330.53,330.67 1 0
github.com/fmarquesfilho/garimpo/internal/store/store.go:331.53,331.69 1 0
